Using pre-set license
Built from '2020.3/staging' branch; Version is '2020.3.18f1 (a7d1c678663c) revision 10998214'; Using compiler version '192528614'; Build Type 'Release'
OS: 'Windows 10 Pro; OS build 19043.1586; Version 2009; 64bit' Language: 'en' Physical Memory: 32543 MB
BatchMode: 1, IsHumanControllingUs: 0, StartBugReporterOnCrash: 0, Is64bit: 1, IsPro: 0

COMMAND LINE ARGUMENTS:
C:\Program Files\Unity\Hub\Editor\2020.3.18f1\Editor\Unity.exe
-adb2
-batchMode
-noUpm
-name
AssetImportWorker0
-projectPath
D:/_Unity Projects/Derive/DeriveProject/Derive
-logFile
Logs/AssetImportWorker0.log
-srvPort
58040
Successfully changed project path to: D:/_Unity Projects/Derive/DeriveProject/Derive
D:/_Unity Projects/Derive/DeriveProject/Derive
Using Asset Import Pipeline V2.
Refreshing native plugins compatible for Editor in 52.23 ms, found 2 plugins.
Preloading 0 native plugins for Editor in 0.00 ms.
Initialize engine version: 2020.3.18f1 (a7d1c678663c)
[Subsystems] Discovering subsystems at path C:/Program Files/Unity/Hub/Editor/2020.3.18f1/Editor/Data/Resources/UnitySubsystems
[Subsystems] Discovering subsystems at path D:/_Unity Projects/Derive/DeriveProject/Derive/Assets
GfxDevice: creating device client; threaded=0
Direct3D:
    Version:  Direct3D 11.0 [level 11.1]
    Renderer: NVIDIA GeForce RTX 2060 SUPER (ID=0x1f06)
    Vendor:   
    VRAM:     8031 MB
    Driver:   30.0.14.7208
Initialize mono
Mono path[0] = 'C:/Program Files/Unity/Hub/Editor/2020.3.18f1/Editor/Data/Managed'
Mono path[1] = 'C:/Program Files/Unity/Hub/Editor/2020.3.18f1/Editor/Data/MonoBleedingEdge/lib/mono/unityjit'
Mono config path = 'C:/Program Files/Unity/Hub/Editor/2020.3.18f1/Editor/Data/MonoBleedingEdge/etc'
Using monoOptions --debugger-agent=transport=dt_socket,embedding=1,server=y,suspend=n,address=127.0.0.1:56884
Begin MonoManager ReloadAssembly
Registering precompiled unity dll's ...
Register platform support module: C:/Program Files/Unity/Hub/Editor/2020.3.18f1/Editor/Data/PlaybackEngines/WindowsStandaloneSupport/UnityEditor.WindowsStandalone.Extensions.dll
Registered in 0.001402 seconds.
Native extension for WindowsStandalone target not found
Refreshing native plugins compatible for Editor in 51.97 ms, found 2 plugins.
Preloading 0 native plugins for Editor in 0.00 ms.
Mono: successfully reloaded assembly
- Completed reload, in  0.883 seconds
Domain Reload Profiling:
	ReloadAssembly (884ms)
		BeginReloadAssembly (43ms)
			ExecutionOrderSort (0ms)
			DisableScriptedObjects (0ms)
			BackupInstance (0ms)
			ReleaseScriptingObjects (0ms)
			CreateAndSetChildDomain (1ms)
		EndReloadAssembly (377ms)
			LoadAssemblies (41ms)
			RebuildTransferFunctionScriptingTraits (0ms)
			SetupTypeCache (131ms)
			ReleaseScriptCaches (0ms)
			RebuildScriptCaches (28ms)
			SetupLoadedEditorAssemblies (160ms)
				LogAssemblyErrors (0ms)
				InitializePlatformSupportModulesInManaged (3ms)
				SetLoadedEditorAssemblies (0ms)
				RefreshPlugins (52ms)
				BeforeProcessingInitializeOnLoad (14ms)
				ProcessInitializeOnLoadAttributes (66ms)
				ProcessInitializeOnLoadMethodAttributes (24ms)
				AfterProcessingInitializeOnLoad (0ms)
				EditorAssembliesLoaded (0ms)
			ExecutionOrderSort2 (0ms)
			AwakeInstancesAfterBackupRestoration (0ms)
Platform modules already initialized, skipping
Registering precompiled user dll's ...
Registered in 0.001955 seconds.
Begin MonoManager ReloadAssembly
Native extension for WindowsStandalone target not found
Refreshing native plugins compatible for Editor in 53.43 ms, found 2 plugins.
Preloading 0 native plugins for Editor in 0.00 ms.
Mono: successfully reloaded assembly
- Completed reload, in  1.044 seconds
Domain Reload Profiling:
	ReloadAssembly (1044ms)
		BeginReloadAssembly (123ms)
			ExecutionOrderSort (0ms)
			DisableScriptedObjects (4ms)
			BackupInstance (0ms)
			ReleaseScriptingObjects (0ms)
			CreateAndSetChildDomain (15ms)
		EndReloadAssembly (871ms)
			LoadAssemblies (72ms)
			RebuildTransferFunctionScriptingTraits (0ms)
			SetupTypeCache (276ms)
			ReleaseScriptCaches (1ms)
			RebuildScriptCaches (51ms)
			SetupLoadedEditorAssemblies (365ms)
				LogAssemblyErrors (0ms)
				InitializePlatformSupportModulesInManaged (3ms)
				SetLoadedEditorAssemblies (0ms)
				RefreshPlugins (53ms)
				BeforeProcessingInitializeOnLoad (79ms)
				ProcessInitializeOnLoadAttributes (220ms)
				ProcessInitializeOnLoadMethodAttributes (4ms)
				AfterProcessingInitializeOnLoad (5ms)
				EditorAssembliesLoaded (0ms)
			ExecutionOrderSort2 (0ms)
			AwakeInstancesAfterBackupRestoration (5ms)
Platform modules already initialized, skipping
========================================================================
Worker process is ready to serve import requests
Launched and connected shader compiler UnityShaderCompiler.exe after 0.06 seconds
Refreshing native plugins compatible for Editor in 0.54 ms, found 2 plugins.
Preloading 0 native plugins for Editor in 0.00 ms.
Unloading 3212 Unused Serialized files (Serialized files now loaded: 0)
System memory in use before: 169.2 MB.
System memory in use after: 169.4 MB.

Unloading 19 unused Assets to reduce memory usage. Loaded Objects now: 3678.
Total: 3.342600 ms (FindLiveObjects: 0.354200 ms CreateObjectMapping: 0.188800 ms MarkObjects: 2.777900 ms  DeleteObjects: 0.020600 ms)

AssetImportParameters requested are different than current active one (requested -> active):
  custom:framework-win-MediaFoundation: 216162199b28c13a410421893ffa2e32 -> 
  custom:video-decoder-ogg-theora: a1e56fd34408186e4bbccfd4996cb3dc -> 
  custom:container-muxer-webm: aa71ff27fc2769a1b78a27578f13a17b -> 
  custom:container-demuxer-webm: 4f35f7cbe854078d1ac9338744f61a02 -> 
  custom:container-demuxer-ogg: 62fdf1f143b41e24485cea50d1cbac27 -> 
  custom:video-encoder-webm-vp8: eb34c28f22e8b96e1ab97ce403110664 -> 
  custom:video-decoder-webm-vp8: 9c59270c3fd7afecdb556c50c9e8de78 -> 
  custom:audio-decoder-ogg-vorbis: bf7c407c2cedff20999df2af8eb42d56 -> 
  custom:audio-encoder-webm-vorbis: bf7c407c2cedff20999df2af8eb42d56 -> 
========================================================================
Received Import Request.
  path: Assets/Scripts/PlayerControls.inputactions
  artifactKey: Guid(5fa4db1bd764ef94191f81d5761b778e) Importer(815301076,1909f56bfc062723c751e8b465ee728b)
Start importing Assets/Scripts/PlayerControls.inputactions using Guid(5fa4db1bd764ef94191f81d5761b778e) Importer(815301076,1909f56bfc062723c751e8b465ee728b)  -> (artifact id: 'bf7477027d269fc99456c78dd3502f11') in 0.034293 seconds 
  Import took 0.038478 seconds .

========================================================================
Received Import Request.
  Time since last request: 0.000235 seconds.
  path: Assets/Scripts
  artifactKey: Guid(db0ada1ea996ae949969ed17c5fac6b8) Importer(815301076,1909f56bfc062723c751e8b465ee728b)
Start importing Assets/Scripts using Guid(db0ada1ea996ae949969ed17c5fac6b8) Importer(815301076,1909f56bfc062723c751e8b465ee728b)  -> (artifact id: 'b1d9acd415fa8b98b0e9cbf9784a767c') in 0.006109 seconds 
  Import took 0.010218 seconds .

========================================================================
Received Import Request.
  Time since last request: 3.444913 seconds.
  path: Assets/Scripts/PlayerController.cs
  artifactKey: Guid(d4f7c5af1bcc9554b96e05f3123ea78b) Importer(815301076,1909f56bfc062723c751e8b465ee728b)
Start importing Assets/Scripts/PlayerController.cs using Guid(d4f7c5af1bcc9554b96e05f3123ea78b) Importer(815301076,1909f56bfc062723c751e8b465ee728b)  -> (artifact id: '3781e705bd0629e815905cd5b20bfd29') in 0.011587 seconds 
  Import took 0.015828 seconds .

========================================================================
Received Import Request.
  Time since last request: 0.015395 seconds.
  path: Assets/Scripts/PlayerController.cs
  artifactKey: Guid(d4f7c5af1bcc9554b96e05f3123ea78b) Importer(815301076,1909f56bfc062723c751e8b465ee728b)
Start importing Assets/Scripts/PlayerController.cs using Guid(d4f7c5af1bcc9554b96e05f3123ea78b) Importer(815301076,1909f56bfc062723c751e8b465ee728b)  -> (artifact id: '3781e705bd0629e815905cd5b20bfd29') in 0.001816 seconds 
  Import took 0.006711 seconds .

========================================================================
Received Import Request.
  Time since last request: 69.543572 seconds.
  path: Assets/_Scenes/LD_Mockup.unity
  artifactKey: Guid(facfb684308977540ba9ed7c71053756) Importer(815301076,1909f56bfc062723c751e8b465ee728b)
Start importing Assets/_Scenes/LD_Mockup.unity using Guid(facfb684308977540ba9ed7c71053756) Importer(815301076,1909f56bfc062723c751e8b465ee728b)  -> (artifact id: '36366abf112d042a0328b3fdd65d5ceb') in 0.004547 seconds 
  Import took 0.009347 seconds .

========================================================================
Received Import Request.
  Time since last request: 1.867210 seconds.
  path: Assets/_Scenes/ProtoScene.unity
  artifactKey: Guid(3f455d9e2890e2c48985b5b072a5fb3a) Importer(815301076,1909f56bfc062723c751e8b465ee728b)
Start importing Assets/_Scenes/ProtoScene.unity using Guid(3f455d9e2890e2c48985b5b072a5fb3a) Importer(815301076,1909f56bfc062723c751e8b465ee728b)  -> (artifact id: '0f25f59ff3809815534a82a6fbcdac67') in 0.004863 seconds 
  Import took 0.009327 seconds .

========================================================================
Received Import Request.
  Time since last request: 71.893893 seconds.
  path: Assets/Scripts/GameManager.cs
  artifactKey: Guid(6035f1d7f6edbe24bb85e9c90424fb89) Importer(815301076,1909f56bfc062723c751e8b465ee728b)
Start importing Assets/Scripts/GameManager.cs using Guid(6035f1d7f6edbe24bb85e9c90424fb89) Importer(815301076,1909f56bfc062723c751e8b465ee728b)  -> (artifact id: '78ae9407b01eb06f1ee5263af23e5a89') in 0.005509 seconds 
  Import took 0.010575 seconds .

========================================================================
Received Import Request.
  Time since last request: 8.801019 seconds.
  path: Assets/Scripts/PlayerControls.cs
  artifactKey: Guid(96434bc760237ba4dac7f260151b3055) Importer(815301076,1909f56bfc062723c751e8b465ee728b)
Start importing Assets/Scripts/PlayerControls.cs using Guid(96434bc760237ba4dac7f260151b3055) Importer(815301076,1909f56bfc062723c751e8b465ee728b)  -> (artifact id: '68d45c7bfcd8c41d587242ed421c73f0') in 0.001271 seconds 
  Import took 0.005497 seconds .

========================================================================
Received Import Request.
  Time since last request: 0.001916 seconds.
  path: Assets/Scripts/PlayerControls.cs
  artifactKey: Guid(96434bc760237ba4dac7f260151b3055) Importer(815301076,1909f56bfc062723c751e8b465ee728b)
Start importing Assets/Scripts/PlayerControls.cs using Guid(96434bc760237ba4dac7f260151b3055) Importer(815301076,1909f56bfc062723c751e8b465ee728b)  -> (artifact id: '68d45c7bfcd8c41d587242ed421c73f0') in 0.001317 seconds 
  Import took 0.005793 seconds .

========================================================================
Received Import Request.
  Time since last request: 15.646001 seconds.
  path: Assets/Scripts/TrapManager.cs
  artifactKey: Guid(f86050feea3314246be3b3d22f713da5) Importer(815301076,1909f56bfc062723c751e8b465ee728b)
Start importing Assets/Scripts/TrapManager.cs using Guid(f86050feea3314246be3b3d22f713da5) Importer(815301076,1909f56bfc062723c751e8b465ee728b)  -> (artifact id: '9e7c53cba75c88cccc6afe7d65d8d3af') in 0.004720 seconds 
  Import took 0.009191 seconds .

========================================================================
Received Prepare
Registering precompiled user dll's ...
Registered in 0.001876 seconds.
Begin MonoManager ReloadAssembly
Native extension for WindowsStandalone target not found
Refreshing native plugins compatible for Editor in 0.56 ms, found 2 plugins.
Preloading 0 native plugins for Editor in 0.00 ms.
Mono: successfully reloaded assembly
- Completed reload, in  1.048 seconds
Domain Reload Profiling:
	ReloadAssembly (1048ms)
		BeginReloadAssembly (105ms)
			ExecutionOrderSort (0ms)
			DisableScriptedObjects (6ms)
			BackupInstance (0ms)
			ReleaseScriptingObjects (0ms)
			CreateAndSetChildDomain (34ms)
		EndReloadAssembly (882ms)
			LoadAssemblies (85ms)
			RebuildTransferFunctionScriptingTraits (0ms)
			SetupTypeCache (302ms)
			ReleaseScriptCaches (1ms)
			RebuildScriptCaches (49ms)
			SetupLoadedEditorAssemblies (322ms)
				LogAssemblyErrors (0ms)
				InitializePlatformSupportModulesInManaged (4ms)
				SetLoadedEditorAssemblies (0ms)
				RefreshPlugins (1ms)
				BeforeProcessingInitializeOnLoad (81ms)
				ProcessInitializeOnLoadAttributes (227ms)
				ProcessInitializeOnLoadMethodAttributes (3ms)
				AfterProcessingInitializeOnLoad (5ms)
				EditorAssembliesLoaded (0ms)
			ExecutionOrderSort2 (0ms)
			AwakeInstancesAfterBackupRestoration (9ms)
Platform modules already initialized, skipping
Refreshing native plugins compatible for Editor in 0.68 ms, found 2 plugins.
Preloading 0 native plugins for Editor in 0.00 ms.
Unloading 3076 Unused Serialized files (Serialized files now loaded: 0)
System memory in use before: 159.1 MB.
System memory in use after: 159.4 MB.

Unloading 13 unused Assets to reduce memory usage. Loaded Objects now: 3685.
Total: 3.141100 ms (FindLiveObjects: 0.296400 ms CreateObjectMapping: 0.130500 ms MarkObjects: 2.699500 ms  DeleteObjects: 0.013700 ms)

AssetImportParameters requested are different than current active one (requested -> active):
  custom:framework-win-MediaFoundation: 216162199b28c13a410421893ffa2e32 -> 
  custom:video-decoder-ogg-theora: a1e56fd34408186e4bbccfd4996cb3dc -> 
  custom:container-muxer-webm: aa71ff27fc2769a1b78a27578f13a17b -> 
  custom:container-demuxer-webm: 4f35f7cbe854078d1ac9338744f61a02 -> 
  custom:container-demuxer-ogg: 62fdf1f143b41e24485cea50d1cbac27 -> 
  custom:video-encoder-webm-vp8: eb34c28f22e8b96e1ab97ce403110664 -> 
  custom:video-decoder-webm-vp8: 9c59270c3fd7afecdb556c50c9e8de78 -> 
  custom:audio-decoder-ogg-vorbis: bf7c407c2cedff20999df2af8eb42d56 -> 
  custom:audio-encoder-webm-vorbis: bf7c407c2cedff20999df2af8eb42d56 -> 
========================================================================
Received Import Request.
  Time since last request: 143.956431 seconds.
  path: Assets/_Prefabs/Bateau
  artifactKey: Guid(a4d1bbbd091334e4faf3911dc635ca4a) Importer(815301076,1909f56bfc062723c751e8b465ee728b)
Start importing Assets/_Prefabs/Bateau using Guid(a4d1bbbd091334e4faf3911dc635ca4a) Importer(815301076,1909f56bfc062723c751e8b465ee728b)  -> (artifact id: '410b2400aeb05b4666395be0f1238ac0') in 0.008019 seconds 
  Import took 0.013246 seconds .

========================================================================
Received Import Request.
  Time since last request: 0.001044 seconds.
  path: Assets/_Prefabs/Bateau
  artifactKey: Guid(a4d1bbbd091334e4faf3911dc635ca4a) Importer(815301076,1909f56bfc062723c751e8b465ee728b)
Start importing Assets/_Prefabs/Bateau using Guid(a4d1bbbd091334e4faf3911dc635ca4a) Importer(815301076,1909f56bfc062723c751e8b465ee728b)  -> (artifact id: '410b2400aeb05b4666395be0f1238ac0') in 0.001461 seconds 
  Import took 0.006318 seconds .

========================================================================
Received Import Request.
  Time since last request: 0.052683 seconds.
  path: Assets/_Prefabs/Bateau/Caisse.prefab
  artifactKey: Guid(5dbaec25c1c3b0c419118b4581746b26) Importer(815301076,1909f56bfc062723c751e8b465ee728b)
Start importing Assets/_Prefabs/Bateau/Caisse.prefab using Guid(5dbaec25c1c3b0c419118b4581746b26) Importer(815301076,1909f56bfc062723c751e8b465ee728b)  -> (artifact id: '925928ccf6599c9c9aa8b712a2f2bc34') in 0.197665 seconds 
  Import took 0.202297 seconds .

========================================================================
Received Import Request.
  Time since last request: 0.000208 seconds.
  path: Assets/_Prefabs/Bateau/Ship2.prefab
  artifactKey: Guid(c1c36aa95922f9648a2e5cfab16f9d55) Importer(815301076,1909f56bfc062723c751e8b465ee728b)
Start importing Assets/_Prefabs/Bateau/Ship2.prefab using Guid(c1c36aa95922f9648a2e5cfab16f9d55) Importer(815301076,1909f56bfc062723c751e8b465ee728b)  -> (artifact id: 'ea22fa7e0a714e78a480ddb83531a659') in 0.027002 seconds 
  Import took 0.031539 seconds .

========================================================================
Received Import Request.
  Time since last request: 0.000130 seconds.
  path: Assets/_Prefabs/Bateau/Mer.prefab
  artifactKey: Guid(97753f2b7a800454f9b6cee3336e79cb) Importer(815301076,1909f56bfc062723c751e8b465ee728b)
Start importing Assets/_Prefabs/Bateau/Mer.prefab using Guid(97753f2b7a800454f9b6cee3336e79cb) Importer(815301076,1909f56bfc062723c751e8b465ee728b)  -> (artifact id: '71bdfb09216fdd0b031fa60dcb757958') in 0.013705 seconds 
  Import took 0.017853 seconds .

========================================================================
Received Import Request.
  Time since last request: 0.000157 seconds.
  path: Assets/_Prefabs/Bateau/Cordes.prefab
  artifactKey: Guid(e999a0f6fba484244a6ceb735b1b44a9) Importer(815301076,1909f56bfc062723c751e8b465ee728b)
Start importing Assets/_Prefabs/Bateau/Cordes.prefab using Guid(e999a0f6fba484244a6ceb735b1b44a9) Importer(815301076,1909f56bfc062723c751e8b465ee728b)  -> (artifact id: '15ffd5b2e3891028c763c1a873fdc4b2') in 0.018720 seconds 
  Import took 0.022937 seconds .

========================================================================
Received Import Request.
  Time since last request: 0.000151 seconds.
  path: Assets/_Prefabs/Bateau/Spawner_Armes.prefab
  artifactKey: Guid(bcfc3a89c4268da49bcb9a859e9d6ad8) Importer(815301076,1909f56bfc062723c751e8b465ee728b)
Start importing Assets/_Prefabs/Bateau/Spawner_Armes.prefab using Guid(bcfc3a89c4268da49bcb9a859e9d6ad8) Importer(815301076,1909f56bfc062723c751e8b465ee728b)  -> (artifact id: '0fc6880cf61887dd82bcaaf83b49d7ef') in 0.014713 seconds 
  Import took 0.020268 seconds .

========================================================================
Received Import Request.
  Time since last request: 0.000163 seconds.
  path: Assets/_Prefabs/Bateau/Gouvernail.prefab
  artifactKey: Guid(34fe3a4227849f143962d79126b939c4) Importer(815301076,1909f56bfc062723c751e8b465ee728b)
Start importing Assets/_Prefabs/Bateau/Gouvernail.prefab using Guid(34fe3a4227849f143962d79126b939c4) Importer(815301076,1909f56bfc062723c751e8b465ee728b)  -> (artifact id: '63352bd55956995affbad8f5ba3c5ffe') in 0.012231 seconds 
  Import took 0.016702 seconds .

========================================================================
Received Import Request.
  Time since last request: 0.001989 seconds.
  path: Assets/_Prefabs/Bateau/Gouvernail.prefab
  artifactKey: Guid(34fe3a4227849f143962d79126b939c4) Importer(815301076,1909f56bfc062723c751e8b465ee728b)
Start importing Assets/_Prefabs/Bateau/Gouvernail.prefab using Guid(34fe3a4227849f143962d79126b939c4) Importer(815301076,1909f56bfc062723c751e8b465ee728b)  -> (artifact id: '63352bd55956995affbad8f5ba3c5ffe') in 0.009956 seconds 
  Import took 0.015349 seconds .

========================================================================
Received Import Request.
  Time since last request: 117.290557 seconds.
  path: Assets/_Materials/Cordes/Cordes_cordes_Normal.png
  artifactKey: Guid(bce68dd5b4e98dd42b63202ff19167e5) Importer(815301076,1909f56bfc062723c751e8b465ee728b)
Start importing Assets/_Materials/Cordes/Cordes_cordes_Normal.png using Guid(bce68dd5b4e98dd42b63202ff19167e5) Importer(815301076,1909f56bfc062723c751e8b465ee728b)  -> (artifact id: 'b50193d7f16d89d841380d318c7d5a27') in 0.050570 seconds 
  Import took 0.056020 seconds .

========================================================================
Received Prepare
Registering precompiled user dll's ...
Registered in 0.001857 seconds.
Begin MonoManager ReloadAssembly
Native extension for WindowsStandalone target not found
Refreshing native plugins compatible for Editor in 0.56 ms, found 2 plugins.
Preloading 0 native plugins for Editor in 0.00 ms.
Mono: successfully reloaded assembly
- Completed reload, in  1.039 seconds
Domain Reload Profiling:
	ReloadAssembly (1039ms)
		BeginReloadAssembly (130ms)
			ExecutionOrderSort (0ms)
			DisableScriptedObjects (6ms)
			BackupInstance (0ms)
			ReleaseScriptingObjects (0ms)
			CreateAndSetChildDomain (36ms)
		EndReloadAssembly (858ms)
			LoadAssemblies (80ms)
			RebuildTransferFunctionScriptingTraits (0ms)
			SetupTypeCache (291ms)
			ReleaseScriptCaches (1ms)
			RebuildScriptCaches (40ms)
			SetupLoadedEditorAssemblies (310ms)
				LogAssemblyErrors (0ms)
				InitializePlatformSupportModulesInManaged (4ms)
				SetLoadedEditorAssemblies (0ms)
				RefreshPlugins (1ms)
				BeforeProcessingInitializeOnLoad (80ms)
				ProcessInitializeOnLoadAttributes (217ms)
				ProcessInitializeOnLoadMethodAttributes (3ms)
				AfterProcessingInitializeOnLoad (5ms)
				EditorAssembliesLoaded (0ms)
			ExecutionOrderSort2 (0ms)
			AwakeInstancesAfterBackupRestoration (14ms)
Platform modules already initialized, skipping
Refreshing native plugins compatible for Editor in 0.58 ms, found 2 plugins.
Preloading 0 native plugins for Editor in 0.00 ms.
Unloading 3076 Unused Serialized files (Serialized files now loaded: 0)
System memory in use before: 164.6 MB.
System memory in use after: 164.8 MB.

Unloading 13 unused Assets to reduce memory usage. Loaded Objects now: 3736.
Total: 3.148300 ms (FindLiveObjects: 0.377100 ms CreateObjectMapping: 0.172000 ms MarkObjects: 2.582600 ms  DeleteObjects: 0.015800 ms)

AssetImportParameters requested are different than current active one (requested -> active):
  custom:framework-win-MediaFoundation: 216162199b28c13a410421893ffa2e32 -> 
  custom:video-decoder-ogg-theora: a1e56fd34408186e4bbccfd4996cb3dc -> 
  custom:container-muxer-webm: aa71ff27fc2769a1b78a27578f13a17b -> 
  custom:container-demuxer-webm: 4f35f7cbe854078d1ac9338744f61a02 -> 
  custom:container-demuxer-ogg: 62fdf1f143b41e24485cea50d1cbac27 -> 
  custom:video-encoder-webm-vp8: eb34c28f22e8b96e1ab97ce403110664 -> 
  custom:video-decoder-webm-vp8: 9c59270c3fd7afecdb556c50c9e8de78 -> 
  custom:audio-decoder-ogg-vorbis: bf7c407c2cedff20999df2af8eb42d56 -> 
  custom:audio-encoder-webm-vorbis: bf7c407c2cedff20999df2af8eb42d56 -> 
AssetImportWorkerClient::OnTransportError - code=2 error=End of file
